	# gawk profile, created Tue Feb 21 15:42:03 2017

	# BEGIN rule(s)

	BEGIN {
     1  	test()
	}


	# Functions, listed alphabetically

	function aa(a, d)
	{
		a["b"]++
		a["b2"]["cc"] = a["bb"] + a["days"]
		d = 2.322
	}

	function push(x, y, z, n)
	{
		n = length(x[y])
		x[y][n + 1] = z
	}

     3  function subray(a, b)
	{
     3  	a[b][1]
     3  	delete a[b][1]
	}

     1  function test(x, k, j, l)
	{
     1  	split("", x, "")
     1  	subray(x, 1)
     1  	test1(x[1])
     1  	for (k in x) {
     1  		for (j in x[k]) {
     1  			for (l in x[k][j]) {
     1  				print k, j, l
				}
			}
		}
     1  	print length(x[1][2][3])
	}

     1  function test1(x)
	{
     1  	subray(x, 2)
     1  	test2(x[2])
	}

     1  function test2(x)
	{
     1  	subray(x, 3)
     1  	x[3][0] = 22
	}
